This file contains any messages produced by compilers while
running configure, to aid debugging if configure makes a mistake.

It was created by memcached configure 1.4.36, which was
generated by GNU Autoconf 2.69.  Invocation command line was

  $ ./configure 

## --------- ##
## Platform. ##
## --------- ##

hostname = nimbnode39
uname -m = x86_64
uname -r = 3.10.0-514.10.2.el7.x86_64
uname -s = Linux
uname -v = #1 SMP Mon Feb 20 02:37:52 EST 2017

/usr/bin/uname -p = x86_64
/bin/uname -X     = unknown

/bin/arch              = x86_64
/usr/bin/arch -k       = unknown
/usr/convex/getsysinfo = unknown
/usr/bin/hostinfo      = unknown
/bin/machine           = unknown
/usr/bin/oslevel       = unknown
/bin/universe          = unknown

PATH: /usr/local/maven/bin
PATH: /usr/lib64/qt-3.3/bin
PATH: /home/neel/perl5/bin
PATH: /usr/local/maven/bin
PATH: /usr/local/bin
PATH: /usr/bin
PATH: /usr/local/sbin
PATH: /usr/sbin
PATH: /home/neel/.local/bin
PATH: /home/neel/bin
PATH: /home/neel/.local/bin
PATH: /home/neel/bin


## ----------- ##
## Core tests. ##
## ----------- ##

configure:2326: checking build system type
configure:2340: result: x86_64-unknown-linux-gnu
configure:2360: checking host system type
configure:2373: result: x86_64-unknown-linux-gnu
configure:2410: checking for a BSD-compatible install
configure:2478: result: /usr/bin/install -c
configure:2489: checking whether build environment is sane
configure:2544: result: yes
configure:2695: checking for a thread-safe mkdir -p
configure:2734: result: /usr/bin/mkdir -p
configure:2741: checking for gawk
configure:2757: found /usr/bin/gawk
configure:2768: result: gawk
configure:2779: checking whether make sets $(MAKE)
configure:2801: result: yes
configure:2830: checking whether make supports nested variables
configure:2847: result: yes
configure:2982: checking for gcc
configure:2998: found /usr/bin/gcc
configure:3009: result: gcc
configure:3238: checking for C compiler version
configure:3247: gcc --version >&5
gcc (GCC) 4.8.5 20150623 (Red Hat 4.8.5-11)
Copyright (C) 2015 Free Software Foundation, Inc.
This is free software; see the source for copying conditions.  There is NO
warranty; not even for MERCHANTABILITY or FITNESS FOR A PARTICULAR PURPOSE.

configure:3258: $? = 0
configure:3247: gcc -v >&5
Using built-in specs.
COLLECT_GCC=gcc
COLLECT_LTO_WRAPPER=/usr/libexec/gcc/x86_64-redhat-linux/4.8.5/lto-wrapper
Target: x86_64-redhat-linux
Configured with: ../configure --prefix=/usr --mandir=/usr/share/man --infodir=/usr/share/info --with-bugurl=http://bugzilla.redhat.com/bugzilla --enable-bootstrap --enable-shared --enable-threads=posix --enable-checking=release --with-system-zlib --enable-__cxa_atexit --disable-libunwind-exceptions --enable-gnu-unique-object --enable-linker-build-id --with-linker-hash-style=gnu --enable-languages=c,c++,objc,obj-c++,java,fortran,ada,go,lto --enable-plugin --enable-initfini-array --disable-libgcj --with-isl=/builddir/build/BUILD/gcc-4.8.5-20150702/obj-x86_64-redhat-linux/isl-install --with-cloog=/builddir/build/BUILD/gcc-4.8.5-20150702/obj-x86_64-redhat-linux/cloog-install --enable-gnu-indirect-function --with-tune=generic --with-arch_32=x86-64 --build=x86_64-redhat-linux
Thread model: posix
gcc version 4.8.5 20150623 (Red Hat 4.8.5-11) (GCC) 
configure:3258: $? = 0
configure:3247: gcc -V >&5
gcc: error: unrecognized command line option '-V'
gcc: fatal error: no input files
compilation terminated.
configure:3258: $? = 4
configure:3247: gcc -qversion >&5
gcc: error: unrecognized command line option '-qversion'
gcc: fatal error: no input files
compilation terminated.
configure:3258: $? = 4
configure:3278: checking whether the C compiler works
configure:3300: gcc    conftest.c  >&5
configure:3304: $? = 0
configure:3352: result: yes
configure:3355: checking for C compiler default output file name
configure:3357: result: a.out
configure:3363: checking for suffix of executables
configure:3370: gcc -o conftest    conftest.c  >&5
configure:3374: $? = 0
configure:3396: result: 
configure:3418: checking whether we are cross compiling
configure:3426: gcc -o conftest    conftest.c  >&5
configure:3430: $? = 0
configure:3437: ./conftest
configure:3441: $? = 0
configure:3456: result: no
configure:3461: checking for suffix of object files
configure:3483: gcc -c   conftest.c >&5
configure:3487: $? = 0
configure:3508: result: o
configure:3512: checking whether we are using the GNU C compiler
configure:3531: gcc -c   conftest.c >&5
configure:3531: $? = 0
configure:3540: result: yes
configure:3549: checking whether gcc accepts -g
configure:3569: gcc -c -g  conftest.c >&5
configure:3569: $? = 0
configure:3610: result: yes
configure:3627: checking for gcc option to accept ISO C89
configure:3690: gcc  -c -g -O2  conftest.c >&5
configure:3690: $? = 0
configure:3703: result: none needed
configure:3734: checking for style of include used by make
configure:3762: result: GNU
configure:3788: checking dependency style of gcc
configure:3899: result: gcc3
configure:3923: checking how to run the C preprocessor
configure:3954: gcc -E  conftest.c
configure:3954: $? = 0
configure:3968: gcc -E  conftest.c
conftest.c:11:28: fatal error: ac_nonexistent.h: No such file or directory
 #include <ac_nonexistent.h>
                            ^
compilation terminated.
configure:3968: $? = 1
configure: failed program was:
| /* confdefs.h */
| #define PACKAGE_NAME "memcached"
| #define PACKAGE_TARNAME "memcached"
| #define PACKAGE_VERSION "1.4.36"
| #define PACKAGE_STRING "memcached 1.4.36"
| #define PACKAGE_BUGREPORT "memcached@googlegroups.com"
| #define PACKAGE_URL ""
| #define PACKAGE "memcached"
| #define VERSION "1.4.36"
| /* end confdefs.h.  */
| #include <ac_nonexistent.h>
configure:3993: result: gcc -E
configure:4013: gcc -E  conftest.c
configure:4013: $? = 0
configure:4027: gcc -E  conftest.c
conftest.c:11:28: fatal error: ac_nonexistent.h: No such file or directory
 #include <ac_nonexistent.h>
                            ^
compilation terminated.
configure:4027: $? = 1
configure: failed program was:
| /* confdefs.h */
| #define PACKAGE_NAME "memcached"
| #define PACKAGE_TARNAME "memcached"
| #define PACKAGE_VERSION "1.4.36"
| #define PACKAGE_STRING "memcached 1.4.36"
| #define PACKAGE_BUGREPORT "memcached@googlegroups.com"
| #define PACKAGE_URL ""
| #define PACKAGE "memcached"
| #define VERSION "1.4.36"
| /* end confdefs.h.  */
| #include <ac_nonexistent.h>
configure:4056: checking for grep that handles long lines and -e
configure:4114: result: /usr/bin/grep
configure:4119: checking for egrep
configure:4181: result: /usr/bin/grep -E
configure:4188: checking for icc in use
configure:4197: result: no
configure:4217: checking for clang in use
configure:4234: gcc -c -g -O2  conftest.c >&5
conftest.c: In function 'main':
conftest.c:17:12: error: unknown type name 'not'
            not clang
            ^
configure:4234: $? = 1
configure: failed program was:
| /* confdefs.h */
| #define PACKAGE_NAME "memcached"
| #define PACKAGE_TARNAME "memcached"
| #define PACKAGE_VERSION "1.4.36"
| #define PACKAGE_STRING "memcached 1.4.36"
| #define PACKAGE_BUGREPORT "memcached@googlegroups.com"
| #define PACKAGE_URL ""
| #define PACKAGE "memcached"
| #define VERSION "1.4.36"
| /* end confdefs.h.  */
| 
| int
| main ()
| {
| 
|     #ifndef __clang__
|            not clang
|     #endif
| 
|   ;
|   return 0;
| }
configure:4240: result: no
configure:4249: checking for ANSI C header files
configure:4269: gcc -c -g -O2  conftest.c >&5
configure:4269: $? = 0
configure:4342: gcc -o conftest -g -O2   conftest.c  >&5
configure:4342: $? = 0
configure:4342: ./conftest
configure:4342: $? = 0
configure:4353: result: yes
configure:4366: checking for sys/types.h
configure:4366: gcc -c -g -O2  conftest.c >&5
configure:4366: $? = 0
configure:4366: result: yes
configure:4366: checking for sys/stat.h
configure:4366: gcc -c -g -O2  conftest.c >&5
configure:4366: $? = 0
configure:4366: result: yes
configure:4366: checking for stdlib.h
configure:4366: gcc -c -g -O2  conftest.c >&5
configure:4366: $? = 0
configure:4366: result: yes
configure:4366: checking for string.h
configure:4366: gcc -c -g -O2  conftest.c >&5
configure:4366: $? = 0
configure:4366: result: yes
configure:4366: checking for memory.h
configure:4366: gcc -c -g -O2  conftest.c >&5
configure:4366: $? = 0
configure:4366: result: yes
configure:4366: checking for strings.h
configure:4366: gcc -c -g -O2  conftest.c >&5
configure:4366: $? = 0
configure:4366: result: yes
configure:4366: checking for inttypes.h
configure:4366: gcc -c -g -O2  conftest.c >&5
configure:4366: $? = 0
configure:4366: result: yes
configure:4366: checking for stdint.h
configure:4366: gcc -c -g -O2  conftest.c >&5
configure:4366: $? = 0
configure:4366: result: yes
configure:4366: checking for unistd.h
configure:4366: gcc -c -g -O2  conftest.c >&5
configure:4366: $? = 0
configure:4366: result: yes
configure:4379: checking whether __SUNPRO_C is declared
configure:4379: gcc -c -g -O2  conftest.c >&5
conftest.c: In function 'main':
conftest.c:61:10: error: '__SUNPRO_C' undeclared (first use in this function)
   (void) __SUNPRO_C;
          ^
conftest.c:61:10: note: each undeclared identifier is reported only once for each function it appears in
configure:4379: $? = 1
configure: failed program was:
| /* confdefs.h */
| #define PACKAGE_NAME "memcached"
| #define PACKAGE_TARNAME "memcached"
| #define PACKAGE_VERSION "1.4.36"
| #define PACKAGE_STRING "memcached 1.4.36"
| #define PACKAGE_BUGREPORT "memcached@googlegroups.com"
| #define PACKAGE_URL ""
| #define PACKAGE "memcached"
| #define VERSION "1.4.36"
| #define STDC_HEADERS 1
| #define HAVE_SYS_TYPES_H 1
| #define HAVE_SYS_STAT_H 1
| #define HAVE_STDLIB_H 1
| #define HAVE_STRING_H 1
| #define HAVE_MEMORY_H 1
| #define HAVE_STRINGS_H 1
| #define HAVE_INTTYPES_H 1
| #define HAVE_STDINT_H 1
| #define HAVE_UNISTD_H 1
| /* end confdefs.h.  */
| #include <stdio.h>
| #ifdef HAVE_SYS_TYPES_H
| # include <sys/types.h>
| #endif
| #ifdef HAVE_SYS_STAT_H
| # include <sys/stat.h>
| #endif
| #ifdef STDC_HEADERS
| # include <stdlib.h>
| # include <stddef.h>
| #else
| # ifdef HAVE_STDLIB_H
| #  include <stdlib.h>
| # endif
| #endif
| #ifdef HAVE_STRING_H
| # if !defined STDC_HEADERS && defined HAVE_MEMORY_H
| #  include <memory.h>
| # endif
| # include <string.h>
| #endif
| #ifdef HAVE_STRINGS_H
| # include <strings.h>
| #endif
| #ifdef HAVE_INTTYPES_H
| # include <inttypes.h>
| #endif
| #ifdef HAVE_STDINT_H
| # include <stdint.h>
| #endif
| #ifdef HAVE_UNISTD_H
| # include <unistd.h>
| #endif
| int
| main ()
| {
| #ifndef __SUNPRO_C
| #ifdef __cplusplus
|   (void) __SUNPRO_C;
| #else
|   (void) __SUNPRO_C;
| #endif
| #endif
| 
|   ;
|   return 0;
| }
configure:4379: result: no
configure:4400: checking for gcc option to accept ISO C99
configure:4549: gcc  -c -g -O2 -pthread  conftest.c >&5
conftest.c:71:29: error: expected ';', ',' or ')' before 'text'
 test_restrict (ccp restrict text)
                             ^
conftest.c: In function 'main':
conftest.c:125:18: error: expected '=', ',', ';', 'asm' or '__attribute__' before 'newvar'
   char *restrict newvar = "Another string";
                  ^
conftest.c:125:18: error: 'newvar' undeclared (first use in this function)
conftest.c:125:18: note: each undeclared identifier is reported only once for each function it appears in
conftest.c:135:3: error: 'for' loop initial declarations are only allowed in C99 mode
   for (int i = 0; i < ia->datasize; ++i)
   ^
conftest.c:135:3: note: use option -std=c99 or -std=gnu99 to compile your code
configure:4549: $? = 1
configure: failed program was:
| /* confdefs.h */
| #define PACKAGE_NAME "memcached"
| #define PACKAGE_TARNAME "memcached"
| #define PACKAGE_VERSION "1.4.36"
| #define PACKAGE_STRING "memcached 1.4.36"
| #define PACKAGE_BUGREPORT "memcached@googlegroups.com"
| #define PACKAGE_URL ""
| #define PACKAGE "memcached"
| #define VERSION "1.4.36"
| #define STDC_HEADERS 1
| #define HAVE_SYS_TYPES_H 1
| #define HAVE_SYS_STAT_H 1
| #define HAVE_STDLIB_H 1
| #define HAVE_STRING_H 1
| #define HAVE_MEMORY_H 1
| #define HAVE_STRINGS_H 1
| #define HAVE_INTTYPES_H 1
| #define HAVE_STDINT_H 1
| #define HAVE_UNISTD_H 1
| /* end confdefs.h.  */
| #include <stdarg.h>
| #include <stdbool.h>
| #include <stdlib.h>
| #include <wchar.h>
| #include <stdio.h>
| 
| // Check varargs macros.  These examples are taken from C99 6.10.3.5.
| #define debug(...) fprintf (stderr, __VA_ARGS__)
| #define showlist(...) puts (#__VA_ARGS__)
| #define report(test,...) ((test) ? puts (#test) : printf (__VA_ARGS__))
| static void
| test_varargs_macros (void)
| {
|   int x = 1234;
|   int y = 5678;
|   debug ("Flag");
|   debug ("X = %d\n", x);
|   showlist (The first, second, and third items.);
|   report (x>y, "x is %d but y is %d", x, y);
| }
| 
| // Check long long types.
| #define BIG64 18446744073709551615ull
| #define BIG32 4294967295ul
| #define BIG_OK (BIG64 / BIG32 == 4294967297ull && BIG64 % BIG32 == 0)
| #if !BIG_OK
|   your preprocessor is broken;
| #endif
| #if BIG_OK
| #else
|   your preprocessor is broken;
| #endif
| static long long int bignum = -9223372036854775807LL;
| static unsigned long long int ubignum = BIG64;
| 
| struct incomplete_array
| {
|   int datasize;
|   double data[];
| };
| 
| struct named_init {
|   int number;
|   const wchar_t *name;
|   double average;
| };
| 
| typedef const char *ccp;
| 
| static inline int
| test_restrict (ccp restrict text)
| {
|   // See if C++-style comments work.
|   // Iterate through items via the restricted pointer.
|   // Also check for declarations in for loops.
|   for (unsigned int i = 0; *(text+i) != '\0'; ++i)
|     continue;
|   return 0;
| }
| 
| // Check varargs and va_copy.
| static void
| test_varargs (const char *format, ...)
| {
|   va_list args;
|   va_start (args, format);
|   va_list args_copy;
|   va_copy (args_copy, args);
| 
|   const char *str;
|   int number;
|   float fnumber;
| 
|   while (*format)
|     {
|       switch (*format++)
| 	{
| 	case 's': // string
| 	  str = va_arg (args_copy, const char *);
| 	  break;
| 	case 'd': // int
| 	  number = va_arg (args_copy, int);
| 	  break;
| 	case 'f': // float
| 	  fnumber = va_arg (args_copy, double);
| 	  break;
| 	default:
| 	  break;
| 	}
|     }
|   va_end (args_copy);
|   va_end (args);
| }
| 
| int
| main ()
| {
| 
|   // Check bool.
|   _Bool success = false;
| 
|   // Check restrict.
|   if (test_restrict ("String literal") == 0)
|     success = true;
|   char *restrict newvar = "Another string";
| 
|   // Check varargs.
|   test_varargs ("s, d' f .", "string", 65, 34.234);
|   test_varargs_macros ();
| 
|   // Check flexible array members.
|   struct incomplete_array *ia =
|     malloc (sizeof (struct incomplete_array) + (sizeof (double) * 10));
|   ia->datasize = 10;
|   for (int i = 0; i < ia->datasize; ++i)
|     ia->data[i] = i * 1.234;
| 
|   // Check named initializers.
|   struct named_init ni = {
|     .number = 34,
|     .name = L"Test wide string",
|     .average = 543.34343,
|   };
| 
|   ni.number = 58;
| 
|   int dynamic_array[ni.number];
|   dynamic_array[ni.number - 1] = 543;
| 
|   // work around unused variable warnings
|   return (!success || bignum == 0LL || ubignum == 0uLL || newvar[0] == 'x'
| 	  || dynamic_array[ni.number - 1] != 543);
| 
|   ;
|   return 0;
| }
configure:4549: gcc -std=gnu99 -c -g -O2 -pthread  conftest.c >&5
configure:4549: $? = 0
configure:4569: result: -std=gnu99
configure:4579: checking whether gcc -std=gnu99 and cc understand -c and -o together
configure:4610: gcc -std=gnu99 -c conftest.c -o conftest2.o >&5
configure:4614: $? = 0
configure:4620: gcc -std=gnu99 -c conftest.c -o conftest2.o >&5
configure:4624: $? = 0
configure:4635: cc -c conftest.c >&5
configure:4639: $? = 0
configure:4647: cc -c conftest.c -o conftest2.o >&5
configure:4651: $? = 0
configure:4657: cc -c conftest.c -o conftest2.o >&5
configure:4661: $? = 0
configure:4679: result: yes
configure:4728: checking sasl/sasl.h usability
configure:4728: gcc -std=gnu99 -c -g -O2 -pthread  conftest.c >&5
configure:4728: $? = 0
configure:4728: result: yes
configure:4728: checking sasl/sasl.h presence
configure:4728: gcc -E  conftest.c
configure:4728: $? = 0
configure:4728: result: yes
configure:4728: checking for sasl/sasl.h
configure:4728: result: yes
configure:4958: checking for gcov
configure:4976: found /usr/bin/gcov
configure:4989: result: /usr/bin/gcov
configure:4999: checking for main in -lgcov
configure:5018: gcc -std=gnu99 -o conftest -g -O2 -pthread -pthread   conftest.c -lgcov   >&5
configure:5018: $? = 0
configure:5027: result: yes
configure:5186: checking for library containing clock_gettime
configure:5217: gcc -std=gnu99 -o conftest -g -O2 -pthread -pthread   conftest.c  >&5
configure:5217: $? = 0
configure:5234: result: none required
configure:5244: checking for library containing socket
configure:5275: gcc -std=gnu99 -o conftest -g -O2 -pthread -pthread   conftest.c  >&5
configure:5275: $? = 0
configure:5292: result: none required
configure:5300: checking for library containing gethostbyname
configure:5331: gcc -std=gnu99 -o conftest -g -O2 -pthread -pthread   conftest.c  >&5
configure:5331: $? = 0
configure:5348: result: none required
configure:5373: checking for libevent directory
configure:5417: gcc -std=gnu99 -o conftest -g -O2 -pthread -pthread   conftest.c -levent  >&5
configure:5417: $? = 0
configure:5453: result: (system)
configure:5472: checking for library containing umem_cache_create
configure:5503: gcc -std=gnu99 -o conftest -g -O2 -pthread -pthread   conftest.c -levent  >&5
/tmp/ccHkGEvT.o: In function `main':
/home/neel/memcached/conftest.c:33: undefined reference to `umem_cache_create'
collect2: error: ld returned 1 exit status
configure:5503: $? = 1
configure: failed program was:
| /* confdefs.h */
| #define PACKAGE_NAME "memcached"
| #define PACKAGE_TARNAME "memcached"
| #define PACKAGE_VERSION "1.4.36"
| #define PACKAGE_STRING "memcached 1.4.36"
| #define PACKAGE_BUGREPORT "memcached@googlegroups.com"
| #define PACKAGE_URL ""
| #define PACKAGE "memcached"
| #define VERSION "1.4.36"
| #define STDC_HEADERS 1
| #define HAVE_SYS_TYPES_H 1
| #define HAVE_SYS_STAT_H 1
| #define HAVE_STDLIB_H 1
| #define HAVE_STRING_H 1
| #define HAVE_MEMORY_H 1
| #define HAVE_STRINGS_H 1
| #define HAVE_INTTYPES_H 1
| #define HAVE_STDINT_H 1
| #define HAVE_UNISTD_H 1
| #define HAVE_SASL_SASL_H 1
| /* end confdefs.h.  */
| 
| /* Override any GCC internal prototype to avoid an error.
|    Use char because int might match the return type of a GCC
|    builtin and then its argument prototype would still apply.  */
| #ifdef __cplusplus
| extern "C"
| #endif
| char umem_cache_create ();
| int
| main ()
| {
| return umem_cache_create ();
|   ;
|   return 0;
| }
configure:5503: gcc -std=gnu99 -o conftest -g -O2 -pthread -pthread   conftest.c -lumem  -levent  >&5
/usr/bin/ld: cannot find -lumem
collect2: error: ld returned 1 exit status
configure:5503: $? = 1
configure: failed program was:
| /* confdefs.h */
| #define PACKAGE_NAME "memcached"
| #define PACKAGE_TARNAME "memcached"
| #define PACKAGE_VERSION "1.4.36"
| #define PACKAGE_STRING "memcached 1.4.36"
| #define PACKAGE_BUGREPORT "memcached@googlegroups.com"
| #define PACKAGE_URL ""
| #define PACKAGE "memcached"
| #define VERSION "1.4.36"
| #define STDC_HEADERS 1
| #define HAVE_SYS_TYPES_H 1
| #define HAVE_SYS_STAT_H 1
| #define HAVE_STDLIB_H 1
| #define HAVE_STRING_H 1
| #define HAVE_MEMORY_H 1
| #define HAVE_STRINGS_H 1
| #define HAVE_INTTYPES_H 1
| #define HAVE_STDINT_H 1
| #define HAVE_UNISTD_H 1
| #define HAVE_SASL_SASL_H 1
| /* end confdefs.h.  */
| 
| /* Override any GCC internal prototype to avoid an error.
|    Use char because int might match the return type of a GCC
|    builtin and then its argument prototype would still apply.  */
| #ifdef __cplusplus
| extern "C"
| #endif
| char umem_cache_create ();
| int
| main ()
| {
| return umem_cache_create ();
|   ;
|   return 0;
| }
configure:5520: result: no
configure:5528: checking for library containing gethugepagesizes
configure:5559: gcc -std=gnu99 -o conftest -g -O2 -pthread -pthread   conftest.c -levent  >&5
/tmp/cctbaLmY.o: In function `main':
/home/neel/memcached/conftest.c:33: undefined reference to `gethugepagesizes'
collect2: error: ld returned 1 exit status
configure:5559: $? = 1
configure: failed program was:
| /* confdefs.h */
| #define PACKAGE_NAME "memcached"
| #define PACKAGE_TARNAME "memcached"
| #define PACKAGE_VERSION "1.4.36"
| #define PACKAGE_STRING "memcached 1.4.36"
| #define PACKAGE_BUGREPORT "memcached@googlegroups.com"
| #define PACKAGE_URL ""
| #define PACKAGE "memcached"
| #define VERSION "1.4.36"
| #define STDC_HEADERS 1
| #define HAVE_SYS_TYPES_H 1
| #define HAVE_SYS_STAT_H 1
| #define HAVE_STDLIB_H 1
| #define HAVE_STRING_H 1
| #define HAVE_MEMORY_H 1
| #define HAVE_STRINGS_H 1
| #define HAVE_INTTYPES_H 1
| #define HAVE_STDINT_H 1
| #define HAVE_UNISTD_H 1
| #define HAVE_SASL_SASL_H 1
| /* end confdefs.h.  */
| 
| /* Override any GCC internal prototype to avoid an error.
|    Use char because int might match the return type of a GCC
|    builtin and then its argument prototype would still apply.  */
| #ifdef __cplusplus
| extern "C"
| #endif
| char gethugepagesizes ();
| int
| main ()
| {
| return gethugepagesizes ();
|   ;
|   return 0;
| }
configure:5559: gcc -std=gnu99 -o conftest -g -O2 -pthread -pthread   conftest.c -lhugetlbfs  -levent  >&5
configure:5559: $? = 0
configure:5576: result: -lhugetlbfs
configure:5585: checking for stdbool.h that conforms to C99
configure:5652: gcc -std=gnu99 -c -g -O2 -pthread -pthread  conftest.c >&5
configure:5652: $? = 0
configure:5659: result: yes
configure:5661: checking for _Bool
configure:5661: gcc -std=gnu99 -c -g -O2 -pthread -pthread  conftest.c >&5
configure:5661: $? = 0
configure:5661: gcc -std=gnu99 -c -g -O2 -pthread -pthread  conftest.c >&5
conftest.c: In function 'main':
conftest.c:58:20: error: expected expression before ')' token
 if (sizeof ((_Bool)))
                    ^
configure:5661: $? = 1
configure: failed program was:
| /* confdefs.h */
| #define PACKAGE_NAME "memcached"
| #define PACKAGE_TARNAME "memcached"
| #define PACKAGE_VERSION "1.4.36"
| #define PACKAGE_STRING "memcached 1.4.36"
| #define PACKAGE_BUGREPORT "memcached@googlegroups.com"
| #define PACKAGE_URL ""
| #define PACKAGE "memcached"
| #define VERSION "1.4.36"
| #define STDC_HEADERS 1
| #define HAVE_SYS_TYPES_H 1
| #define HAVE_SYS_STAT_H 1
| #define HAVE_STDLIB_H 1
| #define HAVE_STRING_H 1
| #define HAVE_MEMORY_H 1
| #define HAVE_STRINGS_H 1
| #define HAVE_INTTYPES_H 1
| #define HAVE_STDINT_H 1
| #define HAVE_UNISTD_H 1
| #define HAVE_SASL_SASL_H 1
| /* end confdefs.h.  */
| #include <stdio.h>
| #ifdef HAVE_SYS_TYPES_H
| # include <sys/types.h>
| #endif
| #ifdef HAVE_SYS_STAT_H
| # include <sys/stat.h>
| #endif
| #ifdef STDC_HEADERS
| # include <stdlib.h>
| # include <stddef.h>
| #else
| # ifdef HAVE_STDLIB_H
| #  include <stdlib.h>
| # endif
| #endif
| #ifdef HAVE_STRING_H
| # if !defined STDC_HEADERS && defined HAVE_MEMORY_H
| #  include <memory.h>
| # endif
| # include <string.h>
| #endif
| #ifdef HAVE_STRINGS_H
| # include <strings.h>
| #endif
| #ifdef HAVE_INTTYPES_H
| # include <inttypes.h>
| #endif
| #ifdef HAVE_STDINT_H
| # include <stdint.h>
| #endif
| #ifdef HAVE_UNISTD_H
| # include <unistd.h>
| #endif
| int
| main ()
| {
| if (sizeof ((_Bool)))
| 	    return 0;
|   ;
|   return 0;
| }
configure:5661: result: yes
configure:5682: checking for inttypes.h
configure:5682: result: yes
configure:5697: checking for sasl_callback_ft
configure:5721: gcc -std=gnu99 -c -g -O2 -pthread -pthread  conftest.c >&5
configure:5721: $? = 0
configure:5733: result: yes
configure:5745: checking for print macros for integers (C99 section 7.8.1)
configure:5769: gcc -std=gnu99 -c -g -O2 -pthread -pthread  conftest.c >&5
configure:5769: $? = 0
configure:5777: result: yes
configure:5793: checking for an ANSI C-conforming const
configure:5859: gcc -std=gnu99 -c -g -O2 -pthread -pthread  conftest.c >&5
configure:5859: $? = 0
configure:5866: result: yes
configure:5877: checking for socklen_t
configure:5899: gcc -std=gnu99 -c -g -O2 -pthread -pthread  conftest.c >&5
configure:5899: $? = 0
configure:5911: result: yes
configure:5922: checking for endianness
configure:5949: gcc -std=gnu99 -o conftest -g -O2 -pthread -pthread   conftest.c -lhugetlbfs -levent  >&5
conftest.c: In function 'main':
conftest.c:32:9: warning: implicit declaration of function 'exit' [-Wimplicit-function-declaration]
         exit(*c == 1);
         ^
conftest.c:32:9: warning: incompatible implicit declaration of built-in function 'exit' [enabled by default]
configure:5949: $? = 0
configure:5949: ./conftest
configure:5949: $? = 1
configure: program exited with status 1
configure: failed program was:
| /* confdefs.h */
| #define PACKAGE_NAME "memcached"
| #define PACKAGE_TARNAME "memcached"
| #define PACKAGE_VERSION "1.4.36"
| #define PACKAGE_STRING "memcached 1.4.36"
| #define PACKAGE_BUGREPORT "memcached@googlegroups.com"
| #define PACKAGE_URL ""
| #define PACKAGE "memcached"
| #define VERSION "1.4.36"
| #define STDC_HEADERS 1
| #define HAVE_SYS_TYPES_H 1
| #define HAVE_SYS_STAT_H 1
| #define HAVE_STDLIB_H 1
| #define HAVE_STRING_H 1
| #define HAVE_MEMORY_H 1
| #define HAVE_STRINGS_H 1
| #define HAVE_INTTYPES_H 1
| #define HAVE_STDINT_H 1
| #define HAVE_UNISTD_H 1
| #define HAVE_SASL_SASL_H 1
| #define HAVE__BOOL 1
| #define HAVE_STDBOOL_H 1
| #define HAVE_INTTYPES_H 1
| #define HAVE_SASL_CALLBACK_FT 1
| /* end confdefs.h.  */
| 
| int
| main ()
| {
|         long val = 1;
|         char *c = (char *) &val;
|         exit(*c == 1);
| 
|   ;
|   return 0;
| }
| 
configure:5964: result: little
configure:5981: checking for htonll
configure:6003: gcc -std=gnu99 -o conftest -g -O2 -pthread -pthread   conftest.c -lhugetlbfs -levent  >&5
conftest.c:31:23: warning: extra tokens at end of #include directive [enabled by default]
 #include <inttypes.h> */
                       ^
conftest.c: In function 'main':
conftest.c:38:11: warning: implicit declaration of function 'htonll' [-Wimplicit-function-declaration]
           return htonll(0);
           ^
/tmp/ccphu3uc.o: In function `main':
/home/neel/memcached/conftest.c:38: undefined reference to `htonll'
collect2: error: ld returned 1 exit status
configure:6003: $? = 1
configure: failed program was:
| /* confdefs.h */
| #define PACKAGE_NAME "memcached"
| #define PACKAGE_TARNAME "memcached"
| #define PACKAGE_VERSION "1.4.36"
| #define PACKAGE_STRING "memcached 1.4.36"
| #define PACKAGE_BUGREPORT "memcached@googlegroups.com"
| #define PACKAGE_URL ""
| #define PACKAGE "memcached"
| #define VERSION "1.4.36"
| #define STDC_HEADERS 1
| #define HAVE_SYS_TYPES_H 1
| #define HAVE_SYS_STAT_H 1
| #define HAVE_STDLIB_H 1
| #define HAVE_STRING_H 1
| #define HAVE_MEMORY_H 1
| #define HAVE_STRINGS_H 1
| #define HAVE_INTTYPES_H 1
| #define HAVE_STDINT_H 1
| #define HAVE_UNISTD_H 1
| #define HAVE_SASL_SASL_H 1
| #define HAVE__BOOL 1
| #define HAVE_STDBOOL_H 1
| #define HAVE_INTTYPES_H 1
| #define HAVE_SASL_CALLBACK_FT 1
| #define ENDIAN_LITTLE 1
| /* end confdefs.h.  */
| 
| #include <sys/types.h>
| #include <netinet/in.h>
| #ifdef HAVE_INTTYPES_H
| #include <inttypes.h> */
| #endif
| 
| int
| main ()
| {
| 
|           return htonll(0);
| 
|   ;
|   return 0;
| }
configure:6018: result: no
configure:6022: checking for library containing pthread_create
configure:6053: gcc -std=gnu99 -o conftest -g -O2 -pthread -pthread   conftest.c -lhugetlbfs -levent  >&5
configure:6053: $? = 0
configure:6070: result: none required
configure:6084: checking for mlockall
configure:6084: gcc -std=gnu99 -o conftest -g -O2 -pthread -pthread   conftest.c -lhugetlbfs -levent  >&5
configure:6084: $? = 0
configure:6084: result: yes
configure:6095: checking for getpagesizes
configure:6095: gcc -std=gnu99 -o conftest -g -O2 -pthread -pthread   conftest.c -lhugetlbfs -levent  >&5
configure:6095: $? = 0
configure:6095: result: yes
configure:6106: checking for memcntl
configure:6106: gcc -std=gnu99 -o conftest -g -O2 -pthread -pthread   conftest.c -lhugetlbfs -levent  >&5
/tmp/ccPqt58o.o: In function `main':
/home/neel/memcached/conftest.c:63: undefined reference to `memcntl'
collect2: error: ld returned 1 exit status
configure:6106: $? = 1
configure: failed program was:
| /* confdefs.h */
| #define PACKAGE_NAME "memcached"
| #define PACKAGE_TARNAME "memcached"
| #define PACKAGE_VERSION "1.4.36"
| #define PACKAGE_STRING "memcached 1.4.36"
| #define PACKAGE_BUGREPORT "memcached@googlegroups.com"
| #define PACKAGE_URL ""
| #define PACKAGE "memcached"
| #define VERSION "1.4.36"
| #define STDC_HEADERS 1
| #define HAVE_SYS_TYPES_H 1
| #define HAVE_SYS_STAT_H 1
| #define HAVE_STDLIB_H 1
| #define HAVE_STRING_H 1
| #define HAVE_MEMORY_H 1
| #define HAVE_STRINGS_H 1
| #define HAVE_INTTYPES_H 1
| #define HAVE_STDINT_H 1
| #define HAVE_UNISTD_H 1
| #define HAVE_SASL_SASL_H 1
| #define HAVE__BOOL 1
| #define HAVE_STDBOOL_H 1
| #define HAVE_INTTYPES_H 1
| #define HAVE_SASL_CALLBACK_FT 1
| #define ENDIAN_LITTLE 1
| #define HAVE_MLOCKALL 1
| #define HAVE_GETPAGESIZES 1
| /* end confdefs.h.  */
| /* Define memcntl to an innocuous variant, in case <limits.h> declares memcntl.
|    For example, HP-UX 11i <limits.h> declares gettimeofday.  */
| #define memcntl innocuous_memcntl
| 
| /* System header to define __stub macros and hopefully few prototypes,
|     which can conflict with char memcntl (); below.
|     Prefer <limits.h> to <assert.h> if __STDC__ is defined, since
|     <limits.h> exists even on freestanding compilers.  */
| 
| #ifdef __STDC__
| # include <limits.h>
| #else
| # include <assert.h>
| #endif
| 
| #undef memcntl
| 
| /* Override any GCC internal prototype to avoid an error.
|    Use char because int might match the return type of a GCC
|    builtin and then its argument prototype would still apply.  */
| #ifdef __cplusplus
| extern "C"
| #endif
| char memcntl ();
| /* The GNU C library defines this for functions which it implements
|     to always fail with ENOSYS.  Some functions are actually named
|     something starting with __ and the normal name is an alias.  */
| #if defined __stub_memcntl || defined __stub___memcntl
| choke me
| #endif
| 
| int
| main ()
| {
| return memcntl ();
|   ;
|   return 0;
| }
configure:6106: result: no
configure:6117: checking for sigignore
configure:6117: gcc -std=gnu99 -o conftest -g -O2 -pthread -pthread   conftest.c -lhugetlbfs -levent  >&5
configure:6117: $? = 0
configure:6117: result: yes
configure:6128: checking for clock_gettime
configure:6128: gcc -std=gnu99 -o conftest -g -O2 -pthread -pthread   conftest.c -lhugetlbfs -levent  >&5
configure:6128: $? = 0
configure:6128: result: yes
configure:6139: checking for accept4
configure:6139: gcc -std=gnu99 -o conftest -g -O2 -pthread -pthread   conftest.c -lhugetlbfs -levent  >&5
configure:6139: $? = 0
configure:6139: result: yes
configure:6153: checking for alignment
configure:6199: gcc -std=gnu99 -o conftest -g -O2 -pthread -pthread   conftest.c -lhugetlbfs -levent  >&5
configure:6199: $? = 0
configure:6199: ./conftest
configure:6199: $? = 0
configure:6214: result: none
configure:6224: checking for GCC atomics
configure:6242: gcc -std=gnu99 -o conftest -g -O2 -pthread -pthread   conftest.c -lhugetlbfs -levent  >&5
configure:6242: $? = 0
configure:6250: result: yes
configure:6254: checking for GCC 64bit atomics
configure:6272: gcc -std=gnu99 -o conftest -g -O2 -pthread -pthread   conftest.c -lhugetlbfs -levent  >&5
conftest.c: In function 'main':
conftest.c:39:3: error: unknown type name 'uint64_t'
   uint64_t a;
   ^
conftest.c:40:3: error: unknown type name 'uint64_t'
   uint64_t b;
   ^
configure:6272: $? = 1
configure: failed program was:
| /* confdefs.h */
| #define PACKAGE_NAME "memcached"
| #define PACKAGE_TARNAME "memcached"
| #define PACKAGE_VERSION "1.4.36"
| #define PACKAGE_STRING "memcached 1.4.36"
| #define PACKAGE_BUGREPORT "memcached@googlegroups.com"
| #define PACKAGE_URL ""
| #define PACKAGE "memcached"
| #define VERSION "1.4.36"
| #define STDC_HEADERS 1
| #define HAVE_SYS_TYPES_H 1
| #define HAVE_SYS_STAT_H 1
| #define HAVE_STDLIB_H 1
| #define HAVE_STRING_H 1
| #define HAVE_MEMORY_H 1
| #define HAVE_STRINGS_H 1
| #define HAVE_INTTYPES_H 1
| #define HAVE_STDINT_H 1
| #define HAVE_UNISTD_H 1
| #define HAVE_SASL_SASL_H 1
| #define HAVE__BOOL 1
| #define HAVE_STDBOOL_H 1
| #define HAVE_INTTYPES_H 1
| #define HAVE_SASL_CALLBACK_FT 1
| #define ENDIAN_LITTLE 1
| #define HAVE_MLOCKALL 1
| #define HAVE_GETPAGESIZES 1
| #define HAVE_SIGIGNORE 1
| #define HAVE_CLOCK_GETTIME 1
| #define HAVE_ACCEPT4 1
| #define HAVE_ACCEPT4 1
| #define HAVE_GCC_ATOMICS 1
| /* end confdefs.h.  */
| 
| int
| main ()
| {
| 
|   uint64_t a;
|   uint64_t b;
|   b = __sync_add_and_fetch(&a, 1);
|   b = __sync_sub_and_fetch(&a, 2);
| 
|   ;
|   return 0;
| }
configure:6280: result: no
configure:6285: checking for setppriv
configure:6285: gcc -std=gnu99 -o conftest -g -O2 -pthread -pthread   conftest.c -lhugetlbfs -levent  >&5
/tmp/ccLUU5sJ.o: In function `main':
/home/neel/memcached/conftest.c:68: undefined reference to `setppriv'
collect2: error: ld returned 1 exit status
configure:6285: $? = 1
configure: failed program was:
| /* confdefs.h */
| #define PACKAGE_NAME "memcached"
| #define PACKAGE_TARNAME "memcached"
| #define PACKAGE_VERSION "1.4.36"
| #define PACKAGE_STRING "memcached 1.4.36"
| #define PACKAGE_BUGREPORT "memcached@googlegroups.com"
| #define PACKAGE_URL ""
| #define PACKAGE "memcached"
| #define VERSION "1.4.36"
| #define STDC_HEADERS 1
| #define HAVE_SYS_TYPES_H 1
| #define HAVE_SYS_STAT_H 1
| #define HAVE_STDLIB_H 1
| #define HAVE_STRING_H 1
| #define HAVE_MEMORY_H 1
| #define HAVE_STRINGS_H 1
| #define HAVE_INTTYPES_H 1
| #define HAVE_STDINT_H 1
| #define HAVE_UNISTD_H 1
| #define HAVE_SASL_SASL_H 1
| #define HAVE__BOOL 1
| #define HAVE_STDBOOL_H 1
| #define HAVE_INTTYPES_H 1
| #define HAVE_SASL_CALLBACK_FT 1
| #define ENDIAN_LITTLE 1
| #define HAVE_MLOCKALL 1
| #define HAVE_GETPAGESIZES 1
| #define HAVE_SIGIGNORE 1
| #define HAVE_CLOCK_GETTIME 1
| #define HAVE_ACCEPT4 1
| #define HAVE_ACCEPT4 1
| #define HAVE_GCC_ATOMICS 1
| /* end confdefs.h.  */
| /* Define setppriv to an innocuous variant, in case <limits.h> declares setppriv.
|    For example, HP-UX 11i <limits.h> declares gettimeofday.  */
| #define setppriv innocuous_setppriv
| 
| /* System header to define __stub macros and hopefully few prototypes,
|     which can conflict with char setppriv (); below.
|     Prefer <limits.h> to <assert.h> if __STDC__ is defined, since
|     <limits.h> exists even on freestanding compilers.  */
| 
| #ifdef __STDC__
| # include <limits.h>
| #else
| # include <assert.h>
| #endif
| 
| #undef setppriv
| 
| /* Override any GCC internal prototype to avoid an error.
|    Use char because int might match the return type of a GCC
|    builtin and then its argument prototype would still apply.  */
| #ifdef __cplusplus
| extern "C"
| #endif
| char setppriv ();
| /* The GNU C library defines this for functions which it implements
|     to always fail with ENOSYS.  Some functions are actually named
|     something starting with __ and the normal name is an alias.  */
| #if defined __stub_setppriv || defined __stub___setppriv
| choke me
| #endif
| 
| int
| main ()
| {
| return setppriv ();
|   ;
|   return 0;
| }
configure:6285: result: no
configure:6316: checking umem.h usability
configure:6316: gcc -std=gnu99 -c -g -O2 -pthread -pthread  conftest.c >&5
conftest.c:67:18: fatal error: umem.h: No such file or directory
 #include <umem.h>
                  ^
compilation terminated.
configure:6316: $? = 1
configure: failed program was:
| /* confdefs.h */
| #define PACKAGE_NAME "memcached"
| #define PACKAGE_TARNAME "memcached"
| #define PACKAGE_VERSION "1.4.36"
| #define PACKAGE_STRING "memcached 1.4.36"
| #define PACKAGE_BUGREPORT "memcached@googlegroups.com"
| #define PACKAGE_URL ""
| #define PACKAGE "memcached"
| #define VERSION "1.4.36"
| #define STDC_HEADERS 1
| #define HAVE_SYS_TYPES_H 1
| #define HAVE_SYS_STAT_H 1
| #define HAVE_STDLIB_H 1
| #define HAVE_STRING_H 1
| #define HAVE_MEMORY_H 1
| #define HAVE_STRINGS_H 1
| #define HAVE_INTTYPES_H 1
| #define HAVE_STDINT_H 1
| #define HAVE_UNISTD_H 1
| #define HAVE_SASL_SASL_H 1
| #define HAVE__BOOL 1
| #define HAVE_STDBOOL_H 1
| #define HAVE_INTTYPES_H 1
| #define HAVE_SASL_CALLBACK_FT 1
| #define ENDIAN_LITTLE 1
| #define HAVE_MLOCKALL 1
| #define HAVE_GETPAGESIZES 1
| #define HAVE_SIGIGNORE 1
| #define HAVE_CLOCK_GETTIME 1
| #define HAVE_ACCEPT4 1
| #define HAVE_ACCEPT4 1
| #define HAVE_GCC_ATOMICS 1
| /* end confdefs.h.  */
| #include <stdio.h>
| #ifdef HAVE_SYS_TYPES_H
| # include <sys/types.h>
| #endif
| #ifdef HAVE_SYS_STAT_H
| # include <sys/stat.h>
| #endif
| #ifdef STDC_HEADERS
| # include <stdlib.h>
| # include <stddef.h>
| #else
| # ifdef HAVE_STDLIB_H
| #  include <stdlib.h>
| # endif
| #endif
| #ifdef HAVE_STRING_H
| # if !defined STDC_HEADERS && defined HAVE_MEMORY_H
| #  include <memory.h>
| # endif
| # include <string.h>
| #endif
| #ifdef HAVE_STRINGS_H
| # include <strings.h>
| #endif
| #ifdef HAVE_INTTYPES_H
| # include <inttypes.h>
| #endif
| #ifdef HAVE_STDINT_H
| # include <stdint.h>
| #endif
| #ifdef HAVE_UNISTD_H
| # include <unistd.h>
| #endif
| #include <umem.h>
configure:6316: result: no
configure:6316: checking umem.h presence
configure:6316: gcc -E  conftest.c
conftest.c:34:18: fatal error: umem.h: No such file or directory
 #include <umem.h>
                  ^
compilation terminated.
configure:6316: $? = 1
configure: failed program was:
| /* confdefs.h */
| #define PACKAGE_NAME "memcached"
| #define PACKAGE_TARNAME "memcached"
| #define PACKAGE_VERSION "1.4.36"
| #define PACKAGE_STRING "memcached 1.4.36"
| #define PACKAGE_BUGREPORT "memcached@googlegroups.com"
| #define PACKAGE_URL ""
| #define PACKAGE "memcached"
| #define VERSION "1.4.36"
| #define STDC_HEADERS 1
| #define HAVE_SYS_TYPES_H 1
| #define HAVE_SYS_STAT_H 1
| #define HAVE_STDLIB_H 1
| #define HAVE_STRING_H 1
| #define HAVE_MEMORY_H 1
| #define HAVE_STRINGS_H 1
| #define HAVE_INTTYPES_H 1
| #define HAVE_STDINT_H 1
| #define HAVE_UNISTD_H 1
| #define HAVE_SASL_SASL_H 1
| #define HAVE__BOOL 1
| #define HAVE_STDBOOL_H 1
| #define HAVE_INTTYPES_H 1
| #define HAVE_SASL_CALLBACK_FT 1
| #define ENDIAN_LITTLE 1
| #define HAVE_MLOCKALL 1
| #define HAVE_GETPAGESIZES 1
| #define HAVE_SIGIGNORE 1
| #define HAVE_CLOCK_GETTIME 1
| #define HAVE_ACCEPT4 1
| #define HAVE_ACCEPT4 1
| #define HAVE_GCC_ATOMICS 1
| /* end confdefs.h.  */
| #include <umem.h>
configure:6316: result: no
configure:6316: checking for umem.h
configure:6316: result: no
configure:6347: checking for xml2rfc
configure:6378: result: no
configure:6388: checking for xsltproc
configure:6406: found /usr/bin/xsltproc
configure:6419: result: /usr/bin/xsltproc
configure:6571: checking that generated files are newer than configure
configure:6577: result: done
configure:6624: creating ./config.status

## ---------------------- ##
## Running config.status. ##
## ---------------------- ##

This file was extended by memcached config.status 1.4.36, which was
generated by GNU Autoconf 2.69.  Invocation command line was

  CONFIG_FILES    = 
  CONFIG_HEADERS  = 
  CONFIG_LINKS    = 
  CONFIG_COMMANDS = 
  $ ./config.status 

on nimbnode39

config.status:895: creating Makefile
config.status:895: creating doc/Makefile
config.status:895: creating config.h
config.status:1124: executing depfiles commands

## ---------------- ##
## Cache variables. ##
## ---------------- ##

ac_cv_build=x86_64-unknown-linux-gnu
ac_cv_c_alignment=none
ac_cv_c_compiler_gnu=yes
ac_cv_c_const=yes
ac_cv_c_endian=little
ac_cv_c_socklen_t=yes
ac_cv_c_uint64_support=yes
ac_cv_env_CC_set=
ac_cv_env_CC_value=
ac_cv_env_CFLAGS_set=
ac_cv_env_CFLAGS_value=
ac_cv_env_CPPFLAGS_set=
ac_cv_env_CPPFLAGS_value=
ac_cv_env_CPP_set=
ac_cv_env_CPP_value=
ac_cv_env_LDFLAGS_set=
ac_cv_env_LDFLAGS_value=
ac_cv_env_LIBS_set=
ac_cv_env_LIBS_value=
ac_cv_env_build_alias_set=
ac_cv_env_build_alias_value=
ac_cv_env_host_alias_set=
ac_cv_env_host_alias_value=
ac_cv_env_target_alias_set=
ac_cv_env_target_alias_value=
ac_cv_func_accept4=yes
ac_cv_func_clock_gettime=yes
ac_cv_func_getpagesizes=yes
ac_cv_func_memcntl=no
ac_cv_func_mlockall=yes
ac_cv_func_setppriv=no
ac_cv_func_sigignore=yes
ac_cv_has_sasl_callback_ft=yes
ac_cv_have_decl___SUNPRO_C=no
ac_cv_header_inttypes_h=yes
ac_cv_header_memory_h=yes
ac_cv_header_sasl_sasl_h=yes
ac_cv_header_stdbool_h=yes
ac_cv_header_stdc=yes
ac_cv_header_stdint_h=yes
ac_cv_header_stdlib_h=yes
ac_cv_header_string_h=yes
ac_cv_header_strings_h=yes
ac_cv_header_sys_stat_h=yes
ac_cv_header_sys_types_h=yes
ac_cv_header_umem_h=no
ac_cv_header_unistd_h=yes
ac_cv_host=x86_64-unknown-linux-gnu
ac_cv_lib_gcov_main=yes
ac_cv_libevent_dir='(system)'
ac_cv_objext=o
ac_cv_path_EGREP='/usr/bin/grep -E'
ac_cv_path_GREP=/usr/bin/grep
ac_cv_path_PROFILER=/usr/bin/gcov
ac_cv_path_XML2RFC=no
ac_cv_path_XSLTPROC=/usr/bin/xsltproc
ac_cv_path_install='/usr/bin/install -c'
ac_cv_path_mkdir=/usr/bin/mkdir
ac_cv_prog_AWK=gawk
ac_cv_prog_CPP='gcc -E'
ac_cv_prog_ac_ct_CC=gcc
ac_cv_prog_cc_c89=
ac_cv_prog_cc_c99=-std=gnu99
ac_cv_prog_cc_g=yes
ac_cv_prog_cc_gcc_c_o=yes
ac_cv_prog_make_make_set=yes
ac_cv_search_clock_gettime='none required'
ac_cv_search_gethostbyname='none required'
ac_cv_search_gethugepagesizes=-lhugetlbfs
ac_cv_search_pthread_create='none required'
ac_cv_search_socket='none required'
ac_cv_search_umem_cache_create=no
ac_cv_type__Bool=yes
am_cv_CC_dependencies_compiler_type=gcc3
am_cv_make_support_nested_variables=yes

## ----------------- ##
## Output variables. ##
## ----------------- ##

ACLOCAL='${SHELL} /home/neel/memcached/missing aclocal-1.13'
AMDEPBACKSLASH='\'
AMDEP_FALSE='#'
AMDEP_TRUE=''
AMTAR='$${TAR-tar}'
AM_BACKSLASH='\'
AM_DEFAULT_V='$(AM_DEFAULT_VERBOSITY)'
AM_DEFAULT_VERBOSITY='1'
AM_V='$(V)'
AUTOCONF='${SHELL} /home/neel/memcached/missing autoconf'
AUTOHEADER='${SHELL} /home/neel/memcached/missing autoheader'
AUTOMAKE='${SHELL} /home/neel/memcached/missing automake-1.13'
AWK='gawk'
BUILD_CACHE_FALSE='#'
BUILD_CACHE_TRUE=''
BUILD_DTRACE_FALSE=''
BUILD_DTRACE_TRUE='#'
BUILD_SOLARIS_PRIVS_FALSE=''
BUILD_SOLARIS_PRIVS_TRUE='#'
BUILD_SPECIFICATIONS_FALSE=''
BUILD_SPECIFICATIONS_TRUE='#'
CC='gcc -std=gnu99'
CCDEPMODE='depmode=gcc3'
CFLAGS='-g -O2 -pthread -pthread -Wall -Werror -pedantic -Wmissing-prototypes -Wmissing-declarations -Wredundant-decls'
CPP='gcc -E'
CPPFLAGS=''
CYGPATH_W='echo'
DEFS='-DHAVE_CONFIG_H'
DEPDIR='.deps'
DTRACE=''
DTRACEFLAGS=''
DTRACE_INSTRUMENT_OBJ_FALSE=''
DTRACE_INSTRUMENT_OBJ_TRUE='#'
ECHO_C=''
ECHO_N='-n'
ECHO_T=''
EGREP='/usr/bin/grep -E'
ENABLE_SASL=''
ENABLE_SASL_FALSE=''
ENABLE_SASL_TRUE='#'
EXEEXT=''
GREP='/usr/bin/grep'
INSTALL_DATA='${INSTALL} -m 644'
INSTALL_PROGRAM='${INSTALL}'
INSTALL_SCRIPT='${INSTALL}'
INSTALL_STRIP_PROGRAM='$(install_sh) -c -s'
LDFLAGS=''
LIBOBJS=''
LIBS='-lhugetlbfs -levent '
LTLIBOBJS=''
MAKEINFO='${SHELL} /home/neel/memcached/missing makeinfo'
MKDIR_P='/usr/bin/mkdir -p'
OBJEXT='o'
PACKAGE='memcached'
PACKAGE_BUGREPORT='memcached@googlegroups.com'
PACKAGE_NAME='memcached'
PACKAGE_STRING='memcached 1.4.36'
PACKAGE_TARNAME='memcached'
PACKAGE_URL=''
PACKAGE_VERSION='1.4.36'
PATH_SEPARATOR=':'
PROFILER='/usr/bin/gcov'
PROFILER_FLAGS='-fprofile-arcs -ftest-coverage'
PROFILER_LDFLAGS='-lgcov'
SET_MAKE=''
SHELL='/bin/sh'
STRIP=''
VERSION='1.4.36'
XML2RFC='no'
XSLTPROC='/usr/bin/xsltproc'
ac_ct_CC='gcc'
am__EXEEXT_FALSE=''
am__EXEEXT_TRUE='#'
am__fastdepCC_FALSE='#'
am__fastdepCC_TRUE=''
am__include='include'
am__isrc=''
am__leading_dot='.'
am__nodep='_no'
am__quote=''
am__tar='$${TAR-tar} chof - "$$tardir"'
am__untar='$${TAR-tar} xf -'
bindir='${exec_prefix}/bin'
build='x86_64-unknown-linux-gnu'
build_alias=''
build_cpu='x86_64'
build_os='linux-gnu'
build_vendor='unknown'
datadir='${datarootdir}'
datarootdir='${prefix}/share'
docdir='${datarootdir}/doc/${PACKAGE_TARNAME}'
dvidir='${docdir}'
exec_prefix='${prefix}'
host='x86_64-unknown-linux-gnu'
host_alias=''
host_cpu='x86_64'
host_os='linux-gnu'
host_vendor='unknown'
htmldir='${docdir}'
includedir='${prefix}/include'
infodir='${datarootdir}/info'
install_sh='${SHELL} /home/neel/memcached/install-sh'
libdir='${exec_prefix}/lib'
libexecdir='${exec_prefix}/libexec'
localedir='${datarootdir}/locale'
localstatedir='${prefix}/var'
mandir='${datarootdir}/man'
mkdir_p='$(MKDIR_P)'
oldincludedir='/usr/include'
pdfdir='${docdir}'
prefix='/usr/local'
program_transform_name='s,x,x,'
psdir='${docdir}'
sbindir='${exec_prefix}/sbin'
sharedstatedir='${prefix}/com'
sysconfdir='${prefix}/etc'
target_alias=''

## ----------- ##
## confdefs.h. ##
## ----------- ##

/* confdefs.h */
#define PACKAGE_NAME "memcached"
#define PACKAGE_TARNAME "memcached"
#define PACKAGE_VERSION "1.4.36"
#define PACKAGE_STRING "memcached 1.4.36"
#define PACKAGE_BUGREPORT "memcached@googlegroups.com"
#define PACKAGE_URL ""
#define PACKAGE "memcached"
#define VERSION "1.4.36"
#define STDC_HEADERS 1
#define HAVE_SYS_TYPES_H 1
#define HAVE_SYS_STAT_H 1
#define HAVE_STDLIB_H 1
#define HAVE_STRING_H 1
#define HAVE_MEMORY_H 1
#define HAVE_STRINGS_H 1
#define HAVE_INTTYPES_H 1
#define HAVE_STDINT_H 1
#define HAVE_UNISTD_H 1
#define HAVE_SASL_SASL_H 1
#define HAVE__BOOL 1
#define HAVE_STDBOOL_H 1
#define HAVE_INTTYPES_H 1
#define HAVE_SASL_CALLBACK_FT 1
#define ENDIAN_LITTLE 1
#define HAVE_MLOCKALL 1
#define HAVE_GETPAGESIZES 1
#define HAVE_SIGIGNORE 1
#define HAVE_CLOCK_GETTIME 1
#define HAVE_ACCEPT4 1
#define HAVE_ACCEPT4 1
#define HAVE_GCC_ATOMICS 1
#define _GNU_SOURCE 1

configure: exit 0
